Epoch 1/200: 100%|███████████████████████████████████████████████████████████████████████████████████████████████████████████████████████████████████████████████████████████████████████████████████████████| 13/13 [00:05<00:00,  2.38it/s]
Epoch 1 | train_loss: 0.696684 | lr: 2.00e-05
Epoch 2/200: 100%|███████████████████████████████████████████████████████████████████████████████████████████████████████████████████████████████████████████████████████████████████████████████████████████| 13/13 [00:05<00:00,  2.37it/s]
Epoch 2 | train_loss: 0.692315 | lr: 1.80e-05
Epoch 3/200: 100%|███████████████████████████████████████████████████████████████████████████████████████████████████████████████████████████████████████████████████████████████████████████████████████████| 13/13 [00:05<00:00,  2.41it/s]
Epoch 3 | train_loss: 0.688881 | lr: 1.62e-05
Epoch 4/200: 100%|███████████████████████████████████████████████████████████████████████████████████████████████████████████████████████████████████████████████████████████████████████████████████████████| 13/13 [00:05<00:00,  2.39it/s]
Epoch 4 | train_loss: 0.685668 | lr: 1.46e-05
Epoch 5/200: 100%|███████████████████████████████████████████████████████████████████████████████████████████████████████████████████████████████████████████████████████████████████████████████████████████| 13/13 [00:05<00:00,  2.37it/s]
Epoch 5 | train_loss: 0.681387 | lr: 1.31e-05
Epoch 6/200: 100%|███████████████████████████████████████████████████████████████████████████████████████████████████████████████████████████████████████████████████████████████████████████████████████████| 13/13 [00:09<00:00,  1.33it/s]
Epoch 6 | train_loss: 0.677584 | lr: 1.18e-05
Epoch 7/200: 100%|███████████████████████████████████████████████████████████████████████████████████████████████████████████████████████████████████████████████████████████████████████████████████████████| 13/13 [00:08<00:00,  1.58it/s]
Epoch 7 | train_loss: 0.675293 | lr: 1.06e-05
Epoch 8/200: 100%|███████████████████████████████████████████████████████████████████████████████████████████████████████████████████████████████████████████████████████████████████████████████████████████| 13/13 [00:05<00:00,  2.29it/s]
Epoch 8 | train_loss: 0.670404 | lr: 9.57e-06
Epoch 9/200: 100%|███████████████████████████████████████████████████████████████████████████████████████████████████████████████████████████████████████████████████████████████████████████████████████████| 13/13 [00:05<00:00,  2.40it/s]
Epoch 9 | train_loss: 0.666448 | lr: 8.61e-06
Epoch 10/200: 100%|██████████████████████████████████████████████████████████████████████████████████████████████████████████████████████████████████████████████████████████████████████████████████████████| 13/13 [00:05<00:00,  2.40it/s]
Epoch 10 | train_loss: 0.663074 | lr: 7.75e-06
Epoch 11/200: 100%|██████████████████████████████████████████████████████████████████████████████████████████████████████████████████████████████████████████████████████████████████████████████████████████| 13/13 [00:05<00:00,  2.18it/s]
Epoch 11 | train_loss: 0.659506 | lr: 6.97e-06
Epoch 12/200: 100%|██████████████████████████████████████████████████████████████████████████████████████████████████████████████████████████████████████████████████████████████████████████████████████████| 13/13 [00:05<00:00,  2.47it/s]
Epoch 12 | train_loss: 0.659040 | lr: 6.28e-06
Epoch 13/200: 100%|██████████████████████████████████████████████████████████████████████████████████████████████████████████████████████████████████████████████████████████████████████████████████████████| 13/13 [00:05<00:00,  2.28it/s]
Epoch 13 | train_loss: 0.654194 | lr: 5.65e-06
Epoch 14/200: 100%|██████████████████████████████████████████████████████████████████████████████████████████████████████████████████████████████████████████████████████████████████████████████████████████| 13/13 [00:05<00:00,  2.31it/s]
Epoch 14 | train_loss: 0.654585 | lr: 5.08e-06
Epoch 15/200: 100%|██████████████████████████████████████████████████████████████████████████████████████████████████████████████████████████████████████████████████████████████████████████████████████████| 13/13 [00:05<00:00,  2.32it/s]
Epoch 15 | train_loss: 0.647758 | lr: 4.58e-06
Epoch 16/200: 100%|██████████████████████████████████████████████████████████████████████████████████████████████████████████████████████████████████████████████████████████████████████████████████████████| 13/13 [00:05<00:00,  2.25it/s]
Epoch 16 | train_loss: 0.646850 | lr: 4.12e-06
Epoch 17/200: 100%|██████████████████████████████████████████████████████████████████████████████████████████████████████████████████████████████████████████████████████████████████████████████████████████| 13/13 [00:05<00:00,  2.45it/s]
Epoch 17 | train_loss: 0.643441 | lr: 3.71e-06
Epoch 18/200: 100%|██████████████████████████████████████████████████████████████████████████████████████████████████████████████████████████████████████████████████████████████████████████████████████████| 13/13 [00:06<00:00,  2.17it/s]
Epoch 18 | train_loss: 0.640377 | lr: 3.34e-06
Epoch 19/200: 100%|██████████████████████████████████████████████████████████████████████████████████████████████████████████████████████████████████████████████████████████████████████████████████████████| 13/13 [00:05<00:00,  2.36it/s]
Epoch 19 | train_loss: 0.638985 | lr: 3.00e-06
Epoch 20/200: 100%|██████████████████████████████████████████████████████████████████████████████████████████████████████████████████████████████████████████████████████████████████████████████████████████| 13/13 [00:05<00:00,  2.38it/s]
Epoch 20 | train_loss: 0.637408 | lr: 2.70e-06
Epoch 21/200: 100%|██████████████████████████████████████████████████████████████████████████████████████████████████████████████████████████████████████████████████████████████████████████████████████████| 13/13 [00:05<00:00,  2.45it/s]
Epoch 21 | train_loss: 0.635496 | lr: 2.43e-06
Epoch 22/200: 100%|██████████████████████████████████████████████████████████████████████████████████████████████████████████████████████████████████████████████████████████████████████████████████████████| 13/13 [00:05<00:00,  2.42it/s]
Epoch 22 | train_loss: 0.634781 | lr: 2.19e-06
Epoch 23/200: 100%|██████████████████████████████████████████████████████████████████████████████████████████████████████████████████████████████████████████████████████████████████████████████████████████| 13/13 [00:05<00:00,  2.43it/s]
Epoch 23 | train_loss: 0.633429 | lr: 1.97e-06
Epoch 24/200: 100%|██████████████████████████████████████████████████████████████████████████████████████████████████████████████████████████████████████████████████████████████████████████████████████████| 13/13 [00:05<00:00,  2.45it/s]
Epoch 24 | train_loss: 0.631933 | lr: 1.77e-06
Epoch 25/200: 100%|██████████████████████████████████████████████████████████████████████████████████████████████████████████████████████████████████████████████████████████████████████████████████████████| 13/13 [00:05<00:00,  2.37it/s]
Epoch 25 | train_loss: 0.631647 | lr: 1.60e-06
Epoch 26/200: 100%|██████████████████████████████████████████████████████████████████████████████████████████████████████████████████████████████████████████████████████████████████████████████████████████| 13/13 [00:05<00:00,  2.31it/s]
Epoch 26 | train_loss: 0.629781 | lr: 1.44e-06
Epoch 27/200: 100%|██████████████████████████████████████████████████████████████████████████████████████████████████████████████████████████████████████████████████████████████████████████████████████████| 13/13 [00:05<00:00,  2.47it/s]
Epoch 27 | train_loss: 0.628031 | lr: 1.29e-06
Epoch 28/200: 100%|██████████████████████████████████████████████████████████████████████████████████████████████████████████████████████████████████████████████████████████████████████████████████████████| 13/13 [00:05<00:00,  2.45it/s]
Epoch 28 | train_loss: 0.632068 | lr: 1.16e-06
Epoch 29/200: 100%|██████████████████████████████████████████████████████████████████████████████████████████████████████████████████████████████████████████████████████████████████████████████████████████| 13/13 [00:05<00:00,  2.30it/s]
Epoch 29 | train_loss: 0.627953 | lr: 1.05e-06
Epoch 30/200: 100%|██████████████████████████████████████████████████████████████████████████████████████████████████████████████████████████████████████████████████████████████████████████████████████████| 13/13 [00:05<00:00,  2.19it/s]
Epoch 30 | train_loss: 0.628320 | lr: 9.42e-07
Epoch 31/200: 100%|██████████████████████████████████████████████████████████████████████████████████████████████████████████████████████████████████████████████████████████████████████████████████████████| 13/13 [00:05<00:00,  2.42it/s]
Epoch 31 | train_loss: 0.628104 | lr: 8.48e-07
Epoch 32/200: 100%|██████████████████████████████████████████████████████████████████████████████████████████████████████████████████████████████████████████████████████████████████████████████████████████| 13/13 [00:05<00:00,  2.31it/s]
Epoch 32 | train_loss: 0.626893 | lr: 7.63e-07
Epoch 33/200: 100%|██████████████████████████████████████████████████████████████████████████████████████████████████████████████████████████████████████████████████████████████████████████████████████████| 13/13 [00:05<00:00,  2.27it/s]
Epoch 33 | train_loss: 0.629910 | lr: 6.87e-07
Epoch 34/200: 100%|██████████████████████████████████████████████████████████████████████████████████████████████████████████████████████████████████████████████████████████████████████████████████████████| 13/13 [00:05<00:00,  2.45it/s]
Epoch 34 | train_loss: 0.627390 | lr: 6.18e-07
Epoch 35/200: 100%|██████████████████████████████████████████████████████████████████████████████████████████████████████████████████████████████████████████████████████████████████████████████████████████| 13/13 [00:05<00:00,  2.37it/s]
Epoch 35 | train_loss: 0.628830 | lr: 5.56e-07
Epoch 36/200: 100%|██████████████████████████████████████████████████████████████████████████████████████████████████████████████████████████████████████████████████████████████████████████████████████████| 13/13 [00:05<00:00,  2.52it/s]
Epoch 36 | train_loss: 0.626038 | lr: 5.01e-07
Epoch 37/200: 100%|██████████████████████████████████████████████████████████████████████████████████████████████████████████████████████████████████████████████████████████████████████████████████████████| 13/13 [00:05<00:00,  2.18it/s]
Epoch 37 | train_loss: 0.625055 | lr: 4.51e-07
Epoch 38/200: 100%|██████████████████████████████████████████████████████████████████████████████████████████████████████████████████████████████████████████████████████████████████████████████████████████| 13/13 [00:05<00:00,  2.50it/s]
Epoch 38 | train_loss: 0.629350 | lr: 4.06e-07
Epoch 39/200: 100%|██████████████████████████████████████████████████████████████████████████████████████████████████████████████████████████████████████████████████████████████████████████████████████████| 13/13 [00:05<00:00,  2.50it/s]
Epoch 39 | train_loss: 0.624047 | lr: 3.65e-07
Epoch 40/200: 100%|██████████████████████████████████████████████████████████████████████████████████████████████████████████████████████████████████████████████████████████████████████████████████████████| 13/13 [00:05<00:00,  2.37it/s]
Epoch 40 | train_loss: 0.626949 | lr: 3.28e-07
Epoch 41/200: 100%|██████████████████████████████████████████████████████████████████████████████████████████████████████████████████████████████████████████████████████████████████████████████████████████| 13/13 [00:05<00:00,  2.46it/s]
Epoch 41 | train_loss: 0.623863 | lr: 2.96e-07
Epoch 42/200: 100%|██████████████████████████████████████████████████████████████████████████████████████████████████████████████████████████████████████████████████████████████████████████████████████████| 13/13 [00:05<00:00,  2.52it/s]
Epoch 42 | train_loss: 0.626805 | lr: 2.66e-07
Epoch 43/200: 100%|██████████████████████████████████████████████████████████████████████████████████████████████████████████████████████████████████████████████████████████████████████████████████████████| 13/13 [00:05<00:00,  2.30it/s]
Epoch 43 | train_loss: 0.628106 | lr: 2.39e-07
Epoch 44/200: 100%|██████████████████████████████████████████████████████████████████████████████████████████████████████████████████████████████████████████████████████████████████████████████████████████| 13/13 [00:05<00:00,  2.44it/s]
Epoch 44 | train_loss: 0.624976 | lr: 2.16e-07
Epoch 45/200: 100%|██████████████████████████████████████████████████████████████████████████████████████████████████████████████████████████████████████████████████████████████████████████████████████████| 13/13 [00:05<00:00,  2.32it/s]
Epoch 45 | train_loss: 0.627550 | lr: 1.94e-07
Epoch 46/200: 100%|██████████████████████████████████████████████████████████████████████████████████████████████████████████████████████████████████████████████████████████████████████████████████████████| 13/13 [00:05<00:00,  2.46it/s]
Epoch 46 | train_loss: 0.623055 | lr: 1.75e-07
Epoch 47/200: 100%|██████████████████████████████████████████████████████████████████████████████████████████████████████████████████████████████████████████████████████████████████████████████████████████| 13/13 [00:05<00:00,  2.50it/s]
Epoch 47 | train_loss: 0.622339 | lr: 1.57e-07
Epoch 48/200: 100%|██████████████████████████████████████████████████████████████████████████████████████████████████████████████████████████████████████████████████████████████████████████████████████████| 13/13 [00:05<00:00,  2.46it/s]
Epoch 48 | train_loss: 0.626022 | lr: 1.41e-07
Epoch 49/200: 100%|██████████████████████████████████████████████████████████████████████████████████████████████████████████████████████████████████████████████████████████████████████████████████████████| 13/13 [00:05<00:00,  2.45it/s]
Epoch 49 | train_loss: 0.626495 | lr: 1.27e-07
Epoch 50/200: 100%|██████████████████████████████████████████████████████████████████████████████████████████████████████████████████████████████████████████████████████████████████████████████████████████| 13/13 [00:05<00:00,  2.51it/s]
Epoch 50 | train_loss: 0.623547 | lr: 1.15e-07
Epoch 51/200: 100%|██████████████████████████████████████████████████████████████████████████████████████████████████████████████████████████████████████████████████████████████████████████████████████████| 13/13 [00:05<00:00,  2.46it/s]
Epoch 51 | train_loss: 0.622986 | lr: 1.03e-07
Epoch 52/200: 100%|██████████████████████████████████████████████████████████████████████████████████████████████████████████████████████████████████████████████████████████████████████████████████████████| 13/13 [00:05<00:00,  2.47it/s]
Epoch 52 | train_loss: 0.626182 | lr: 9.28e-08
Epoch 53/200: 100%|██████████████████████████████████████████████████████████████████████████████████████████████████████████████████████████████████████████████████████████████████████████████████████████| 13/13 [00:05<00:00,  2.45it/s]
Epoch 53 | train_loss: 0.623286 | lr: 8.35e-08
Epoch 54/200: 100%|██████████████████████████████████████████████████████████████████████████████████████████████████████████████████████████████████████████████████████████████████████████████████████████| 13/13 [00:05<00:00,  2.41it/s]
Epoch 54 | train_loss: 0.628117 | lr: 7.51e-08
Epoch 55/200: 100%|██████████████████████████████████████████████████████████████████████████████████████████████████████████████████████████████████████████████████████████████████████████████████████████| 13/13 [00:05<00:00,  2.50it/s]
Epoch 55 | train_loss: 0.621283 | lr: 6.76e-08
Epoch 56/200: 100%|██████████████████████████████████████████████████████████████████████████████████████████████████████████████████████████████████████████████████████████████████████████████████████████| 13/13 [00:05<00:00,  2.44it/s]
Epoch 56 | train_loss: 0.622825 | lr: 6.09e-08
Epoch 57/200: 100%|██████████████████████████████████████████████████████████████████████████████████████████████████████████████████████████████████████████████████████████████████████████████████████████| 13/13 [00:05<00:00,  2.35it/s]
Epoch 57 | train_loss: 0.622210 | lr: 5.48e-08
Epoch 58/200: 100%|██████████████████████████████████████████████████████████████████████████████████████████████████████████████████████████████████████████████████████████████████████████████████████████| 13/13 [00:05<00:00,  2.53it/s]
Epoch 58 | train_loss: 0.628734 | lr: 4.93e-08
Epoch 59/200: 100%|██████████████████████████████████████████████████████████████████████████████████████████████████████████████████████████████████████████████████████████████████████████████████████████| 13/13 [00:05<00:00,  2.45it/s]
Epoch 59 | train_loss: 0.626524 | lr: 4.44e-08
Epoch 60/200: 100%|██████████████████████████████████████████████████████████████████████████████████████████████████████████████████████████████████████████████████████████████████████████████████████████| 13/13 [00:05<00:00,  2.50it/s]
Epoch 60 | train_loss: 0.622476 | lr: 3.99e-08
Epoch 61/200: 100%|██████████████████████████████████████████████████████████████████████████████████████████████████████████████████████████████████████████████████████████████████████████████████████████| 13/13 [00:05<00:00,  2.49it/s]
Epoch 61 | train_loss: 0.623736 | lr: 3.59e-08
Epoch 62/200: 100%|██████████████████████████████████████████████████████████████████████████████████████████████████████████████████████████████████████████████████████████████████████████████████████████| 13/13 [00:05<00:00,  2.43it/s]
Epoch 62 | train_loss: 0.627345 | lr: 3.23e-08
Epoch 63/200: 100%|██████████████████████████████████████████████████████████████████████████████████████████████████████████████████████████████████████████████████████████████████████████████████████████| 13/13 [00:05<00:00,  2.45it/s]
Epoch 63 | train_loss: 0.622349 | lr: 2.91e-08
Epoch 64/200: 100%|██████████████████████████████████████████████████████████████████████████████████████████████████████████████████████████████████████████████████████████████████████████████████████████| 13/13 [00:05<00:00,  2.38it/s]
Epoch 64 | train_loss: 0.622286 | lr: 2.62e-08
Epoch 65/200: 100%|██████████████████████████████████████████████████████████████████████████████████████████████████████████████████████████████████████████████████████████████████████████████████████████| 13/13 [00:05<00:00,  2.32it/s]
Epoch 65 | train_loss: 0.625551 | lr: 2.36e-08
Epoch 66/200: 100%|██████████████████████████████████████████████████████████████████████████████████████████████████████████████████████████████████████████████████████████████████████████████████████████| 13/13 [00:05<00:00,  2.44it/s]
Epoch 66 | train_loss: 0.625301 | lr: 2.12e-08
Epoch 67/200: 100%|██████████████████████████████████████████████████████████████████████████████████████████████████████████████████████████████████████████████████████████████████████████████████████████| 13/13 [00:05<00:00,  2.48it/s]
Epoch 67 | train_loss: 0.624260 | lr: 1.91e-08
Epoch 68/200: 100%|██████████████████████████████████████████████████████████████████████████████████████████████████████████████████████████████████████████████████████████████████████████████████████████| 13/13 [00:05<00:00,  2.46it/s]
Epoch 68 | train_loss: 0.625795 | lr: 1.72e-08
Epoch 69/200: 100%|██████████████████████████████████████████████████████████████████████████████████████████████████████████████████████████████████████████████████████████████████████████████████████████| 13/13 [00:05<00:00,  2.46it/s]
Epoch 69 | train_loss: 0.624720 | lr: 1.55e-08
Epoch 70/200: 100%|██████████████████████████████████████████████████████████████████████████████████████████████████████████████████████████████████████████████████████████████████████████████████████████| 13/13 [00:05<00:00,  2.39it/s]
Epoch 70 | train_loss: 0.621600 | lr: 1.39e-08
Epoch 71/200: 100%|██████████████████████████████████████████████████████████████████████████████████████████████████████████████████████████████████████████████████████████████████████████████████████████| 13/13 [00:05<00:00,  2.44it/s]
Epoch 71 | train_loss: 0.621714 | lr: 1.25e-08
Epoch 72/200: 100%|██████████████████████████████████████████████████████████████████████████████████████████████████████████████████████████████████████████████████████████████████████████████████████████| 13/13 [00:05<00:00,  2.42it/s]
Epoch 72 | train_loss: 0.622059 | lr: 1.13e-08
Epoch 73/200: 100%|██████████████████████████████████████████████████████████████████████████████████████████████████████████████████████████████████████████████████████████████████████████████████████████| 13/13 [00:05<00:00,  2.44it/s]
Epoch 73 | train_loss: 0.623892 | lr: 1.02e-08
Epoch 74/200: 100%|██████████████████████████████████████████████████████████████████████████████████████████████████████████████████████████████████████████████████████████████████████████████████████████| 13/13 [00:05<00:00,  2.30it/s]
Epoch 74 | train_loss: 0.626811 | lr: 9.14e-09
Epoch 75/200: 100%|██████████████████████████████████████████████████████████████████████████████████████████████████████████████████████████████████████████████████████████████████████████████████████████| 13/13 [00:05<00:00,  2.41it/s]
Epoch 75 | train_loss: 0.625545 | lr: 8.22e-09
Epoch 76/200: 100%|██████████████████████████████████████████████████████████████████████████████████████████████████████████████████████████████████████████████████████████████████████████████████████████| 13/13 [00:05<00:00,  2.36it/s]
Epoch 76 | train_loss: 0.623757 | lr: 7.40e-09
Epoch 77/200: 100%|██████████████████████████████████████████████████████████████████████████████████████████████████████████████████████████████████████████████████████████████████████████████████████████| 13/13 [00:05<00:00,  2.45it/s]
Epoch 77 | train_loss: 0.620952 | lr: 6.66e-09
Epoch 78/200: 100%|██████████████████████████████████████████████████████████████████████████████████████████████████████████████████████████████████████████████████████████████████████████████████████████| 13/13 [00:05<00:00,  2.44it/s]
Epoch 78 | train_loss: 0.628357 | lr: 5.99e-09
Epoch 79/200: 100%|██████████████████████████████████████████████████████████████████████████████████████████████████████████████████████████████████████████████████████████████████████████████████████████| 13/13 [00:05<00:00,  2.31it/s]
Epoch 79 | train_loss: 0.626210 | lr: 5.39e-09
Epoch 80/200: 100%|██████████████████████████████████████████████████████████████████████████████████████████████████████████████████████████████████████████████████████████████████████████████████████████| 13/13 [00:05<00:00,  2.30it/s]
Epoch 80 | train_loss: 0.627616 | lr: 4.85e-09
Epoch 81/200: 100%|██████████████████████████████████████████████████████████████████████████████████████████████████████████████████████████████████████████████████████████████████████████████████████████| 13/13 [00:05<00:00,  2.47it/s]
Epoch 81 | train_loss: 0.626537 | lr: 4.37e-09
Epoch 82/200: 100%|██████████████████████████████████████████████████████████████████████████████████████████████████████████████████████████████████████████████████████████████████████████████████████████| 13/13 [00:05<00:00,  2.44it/s]
Epoch 82 | train_loss: 0.624854 | lr: 3.93e-09
Epoch 83/200: 100%|██████████████████████████████████████████████████████████████████████████████████████████████████████████████████████████████████████████████████████████████████████████████████████████| 13/13 [00:05<00:00,  2.46it/s]
Epoch 83 | train_loss: 0.622632 | lr: 3.54e-09
Epoch 84/200: 100%|██████████████████████████████████████████████████████████████████████████████████████████████████████████████████████████████████████████████████████████████████████████████████████████| 13/13 [00:05<00:00,  2.50it/s]
Epoch 84 | train_loss: 0.622877 | lr: 3.19e-09
Epoch 85/200: 100%|██████████████████████████████████████████████████████████████████████████████████████████████████████████████████████████████████████████████████████████████████████████████████████████| 13/13 [00:05<00:00,  2.51it/s]
Epoch 85 | train_loss: 0.622452 | lr: 2.87e-09
Epoch 86/200: 100%|██████████████████████████████████████████████████████████████████████████████████████████████████████████████████████████████████████████████████████████████████████████████████████████| 13/13 [00:05<00:00,  2.34it/s]
Epoch 86 | train_loss: 0.622396 | lr: 2.58e-09
Epoch 87/200: 100%|██████████████████████████████████████████████████████████████████████████████████████████████████████████████████████████████████████████████████████████████████████████████████████████| 13/13 [00:05<00:00,  2.48it/s]
Epoch 87 | train_loss: 0.624019 | lr: 2.32e-09
Epoch 88/200: 100%|██████████████████████████████████████████████████████████████████████████████████████████████████████████████████████████████████████████████████████████████████████████████████████████| 13/13 [00:05<00:00,  2.43it/s]
Epoch 88 | train_loss: 0.622010 | lr: 2.09e-09
Epoch 89/200: 100%|██████████████████████████████████████████████████████████████████████████████████████████████████████████████████████████████████████████████████████████████████████████████████████████| 13/13 [00:05<00:00,  2.31it/s]
Epoch 89 | train_loss: 0.621875 | lr: 1.88e-09
Epoch 90/200: 100%|██████████████████████████████████████████████████████████████████████████████████████████████████████████████████████████████████████████████████████████████████████████████████████████| 13/13 [00:05<00:00,  2.51it/s]
Epoch 90 | train_loss: 0.621057 | lr: 1.69e-09
Epoch 91/200: 100%|██████████████████████████████████████████████████████████████████████████████████████████████████████████████████████████████████████████████████████████████████████████████████████████| 13/13 [00:05<00:00,  2.47it/s]
Epoch 91 | train_loss: 0.624827 | lr: 1.52e-09
Epoch 92/200: 100%|██████████████████████████████████████████████████████████████████████████████████████████████████████████████████████████████████████████████████████████████████████████████████████████| 13/13 [00:05<00:00,  2.52it/s]
Epoch 92 | train_loss: 0.620972 | lr: 1.37e-09
Epoch 93/200: 100%|██████████████████████████████████████████████████████████████████████████████████████████████████████████████████████████████████████████████████████████████████████████████████████████| 13/13 [00:05<00:00,  2.40it/s]
Epoch 93 | train_loss: 0.622211 | lr: 1.23e-09
Epoch 94/200: 100%|██████████████████████████████████████████████████████████████████████████████████████████████████████████████████████████████████████████████████████████████████████████████████████████| 13/13 [00:05<00:00,  2.45it/s]
Epoch 94 | train_loss: 0.623181 | lr: 1.11e-09
Epoch 95/200: 100%|██████████████████████████████████████████████████████████████████████████████████████████████████████████████████████████████████████████████████████████████████████████████████████████| 13/13 [00:05<00:00,  2.45it/s]
Epoch 95 | train_loss: 0.621492 | lr: 1.00e-09
Epoch 96/200: 100%|██████████████████████████████████████████████████████████████████████████████████████████████████████████████████████████████████████████████████████████████████████████████████████████| 13/13 [00:05<00:00,  2.51it/s]
Epoch 96 | train_loss: 0.620924 | lr: 9.00e-10
Epoch 97/200: 100%|██████████████████████████████████████████████████████████████████████████████████████████████████████████████████████████████████████████████████████████████████████████████████████████| 13/13 [00:05<00:00,  2.48it/s]
Epoch 97 | train_loss: 0.625778 | lr: 8.10e-10
Epoch 98/200: 100%|██████████████████████████████████████████████████████████████████████████████████████████████████████████████████████████████████████████████████████████████████████████████████████████| 13/13 [00:05<00:00,  2.45it/s]
Epoch 98 | train_loss: 0.621909 | lr: 7.29e-10
Epoch 99/200: 100%|██████████████████████████████████████████████████████████████████████████████████████████████████████████████████████████████████████████████████████████████████████████████████████████| 13/13 [00:05<00:00,  2.43it/s]
Epoch 99 | train_loss: 0.623250 | lr: 6.56e-10
Epoch 100/200: 100%|█████████████████████████████████████████████████████████████████████████████████████████████████████████████████████████████████████████████████████████████████████████████████████████| 13/13 [00:05<00:00,  2.47it/s]
Epoch 100 | train_loss: 0.621459 | lr: 5.90e-10
Epoch 101/200: 100%|█████████████████████████████████████████████████████████████████████████████████████████████████████████████████████████████████████████████████████████████████████████████████████████| 13/13 [00:05<00:00,  2.36it/s]
Epoch 101 | train_loss: 0.628315 | lr: 5.31e-10
Epoch 102/200: 100%|█████████████████████████████████████████████████████████████████████████████████████████████████████████████████████████████████████████████████████████████████████████████████████████| 13/13 [00:05<00:00,  2.48it/s]
Epoch 102 | train_loss: 0.626265 | lr: 4.78e-10
Epoch 103/200: 100%|█████████████████████████████████████████████████████████████████████████████████████████████████████████████████████████████████████████████████████████████████████████████████████████| 13/13 [00:05<00:00,  2.29it/s]
Epoch 103 | train_loss: 0.626573 | lr: 4.30e-10
Epoch 104/200: 100%|█████████████████████████████████████████████████████████████████████████████████████████████████████████████████████████████████████████████████████████████████████████████████████████| 13/13 [00:05<00:00,  2.50it/s]
Epoch 104 | train_loss: 0.625555 | lr: 3.87e-10
Epoch 105/200: 100%|█████████████████████████████████████████████████████████████████████████████████████████████████████████████████████████████████████████████████████████████████████████████████████████| 13/13 [00:05<00:00,  2.18it/s]
Epoch 105 | train_loss: 0.624030 | lr: 3.49e-10
Epoch 106/200: 100%|█████████████████████████████████████████████████████████████████████████████████████████████████████████████████████████████████████████████████████████████████████████████████████████| 13/13 [00:05<00:00,  2.47it/s]
Epoch 106 | train_loss: 0.626840 | lr: 3.14e-10
Epoch 107/200: 100%|█████████████████████████████████████████████████████████████████████████████████████████████████████████████████████████████████████████████████████████████████████████████████████████| 13/13 [00:05<00:00,  2.31it/s]
Epoch 107 | train_loss: 0.623748 | lr: 2.82e-10
Epoch 108/200: 100%|█████████████████████████████████████████████████████████████████████████████████████████████████████████████████████████████████████████████████████████████████████████████████████████| 13/13 [00:05<00:00,  2.43it/s]
Epoch 108 | train_loss: 0.626757 | lr: 2.54e-10
Epoch 109/200: 100%|█████████████████████████████████████████████████████████████████████████████████████████████████████████████████████████████████████████████████████████████████████████████████████████| 13/13 [00:05<00:00,  2.36it/s]
Epoch 109 | train_loss: 0.621810 | lr: 2.29e-10
Epoch 110/200: 100%|█████████████████████████████████████████████████████████████████████████████████████████████████████████████████████████████████████████████████████████████████████████████████████████| 13/13 [00:05<00:00,  2.49it/s]
Epoch 110 | train_loss: 0.620903 | lr: 2.06e-10
Epoch 111/200: 100%|█████████████████████████████████████████████████████████████████████████████████████████████████████████████████████████████████████████████████████████████████████████████████████████| 13/13 [00:05<00:00,  2.48it/s]
Epoch 111 | train_loss: 0.625026 | lr: 1.85e-10
Epoch 112/200: 100%|█████████████████████████████████████████████████████████████████████████████████████████████████████████████████████████████████████████████████████████████████████████████████████████| 13/13 [00:05<00:00,  2.56it/s]
Epoch 112 | train_loss: 0.622761 | lr: 1.67e-10
Epoch 113/200: 100%|█████████████████████████████████████████████████████████████████████████████████████████████████████████████████████████████████████████████████████████████████████████████████████████| 13/13 [00:05<00:00,  2.40it/s]
Epoch 113 | train_loss: 0.623784 | lr: 1.50e-10
Epoch 114/200: 100%|█████████████████████████████████████████████████████████████████████████████████████████████████████████████████████████████████████████████████████████████████████████████████████████| 13/13 [00:05<00:00,  2.35it/s]
Epoch 114 | train_loss: 0.623908 | lr: 1.35e-10
Epoch 115/200: 100%|█████████████████████████████████████████████████████████████████████████████████████████████████████████████████████████████████████████████████████████████████████████████████████████| 13/13 [00:05<00:00,  2.43it/s]
Epoch 115 | train_loss: 0.622841 | lr: 1.22e-10
Epoch 116/200: 100%|█████████████████████████████████████████████████████████████████████████████████████████████████████████████████████████████████████████████████████████████████████████████████████████| 13/13 [00:05<00:00,  2.52it/s]
Epoch 116 | train_loss: 0.623064 | lr: 1.09e-10
Epoch 117/200: 100%|█████████████████████████████████████████████████████████████████████████████████████████████████████████████████████████████████████████████████████████████████████████████████████████| 13/13 [00:05<00:00,  2.29it/s]
Epoch 117 | train_loss: 0.624102 | lr: 9.84e-11
Epoch 118/200: 100%|█████████████████████████████████████████████████████████████████████████████████████████████████████████████████████████████████████████████████████████████████████████████████████████| 13/13 [00:05<00:00,  2.39it/s]
Epoch 118 | train_loss: 0.624924 | lr: 8.86e-11
Epoch 119/200: 100%|█████████████████████████████████████████████████████████████████████████████████████████████████████████████████████████████████████████████████████████████████████████████████████████| 13/13 [00:05<00:00,  2.44it/s]
Epoch 119 | train_loss: 0.624474 | lr: 7.97e-11
Epoch 120/200: 100%|█████████████████████████████████████████████████████████████████████████████████████████████████████████████████████████████████████████████████████████████████████████████████████████| 13/13 [00:05<00:00,  2.35it/s]
Epoch 120 | train_loss: 0.623197 | lr: 7.18e-11
Epoch 121/200: 100%|█████████████████████████████████████████████████████████████████████████████████████████████████████████████████████████████████████████████████████████████████████████████████████████| 13/13 [00:05<00:00,  2.53it/s]
Epoch 121 | train_loss: 0.628435 | lr: 6.46e-11
Epoch 122/200: 100%|█████████████████████████████████████████████████████████████████████████████████████████████████████████████████████████████████████████████████████████████████████████████████████████| 13/13 [00:05<00:00,  2.44it/s]
Epoch 122 | train_loss: 0.626831 | lr: 5.81e-11
Epoch 123/200: 100%|█████████████████████████████████████████████████████████████████████████████████████████████████████████████████████████████████████████████████████████████████████████████████████████| 13/13 [00:05<00:00,  2.38it/s]
Epoch 123 | train_loss: 0.624063 | lr: 5.23e-11
Epoch 124/200: 100%|█████████████████████████████████████████████████████████████████████████████████████████████████████████████████████████████████████████████████████████████████████████████████████████| 13/13 [00:05<00:00,  2.46it/s]
Epoch 124 | train_loss: 0.623007 | lr: 4.71e-11
Epoch 125/200: 100%|█████████████████████████████████████████████████████████████████████████████████████████████████████████████████████████████████████████████████████████████████████████████████████████| 13/13 [00:05<00:00,  2.43it/s]
Epoch 125 | train_loss: 0.624759 | lr: 4.24e-11
Epoch 126/200: 100%|█████████████████████████████████████████████████████████████████████████████████████████████████████████████████████████████████████████████████████████████████████████████████████████| 13/13 [00:05<00:00,  2.47it/s]
Epoch 126 | train_loss: 0.624178 | lr: 3.81e-11
Epoch 127/200: 100%|█████████████████████████████████████████████████████████████████████████████████████████████████████████████████████████████████████████████████████████████████████████████████████████| 13/13 [00:05<00:00,  2.52it/s]
Epoch 127 | train_loss: 0.622664 | lr: 3.43e-11
Epoch 128/200: 100%|█████████████████████████████████████████████████████████████████████████████████████████████████████████████████████████████████████████████████████████████████████████████████████████| 13/13 [00:05<00:00,  2.44it/s]
Epoch 128 | train_loss: 0.622622 | lr: 3.09e-11
Epoch 129/200: 100%|█████████████████████████████████████████████████████████████████████████████████████████████████████████████████████████████████████████████████████████████████████████████████████████| 13/13 [00:05<00:00,  2.37it/s]
Epoch 129 | train_loss: 0.624457 | lr: 2.78e-11
Epoch 130/200: 100%|█████████████████████████████████████████████████████████████████████████████████████████████████████████████████████████████████████████████████████████████████████████████████████████| 13/13 [00:05<00:00,  2.34it/s]
Epoch 130 | train_loss: 0.624279 | lr: 2.50e-11
Epoch 131/200: 100%|█████████████████████████████████████████████████████████████████████████████████████████████████████████████████████████████████████████████████████████████████████████████████████████| 13/13 [00:05<00:00,  2.47it/s]
Epoch 131 | train_loss: 0.622793 | lr: 2.25e-11
Epoch 132/200: 100%|█████████████████████████████████████████████████████████████████████████████████████████████████████████████████████████████████████████████████████████████████████████████████████████| 13/13 [00:05<00:00,  2.33it/s]
Epoch 132 | train_loss: 0.626910 | lr: 2.03e-11
Epoch 133/200: 100%|█████████████████████████████████████████████████████████████████████████████████████████████████████████████████████████████████████████████████████████████████████████████████████████| 13/13 [00:05<00:00,  2.43it/s]
Epoch 133 | train_loss: 0.625836 | lr: 1.82e-11
Epoch 134/200: 100%|█████████████████████████████████████████████████████████████████████████████████████████████████████████████████████████████████████████████████████████████████████████████████████████| 13/13 [00:05<00:00,  2.42it/s]
Epoch 134 | train_loss: 0.621925 | lr: 1.64e-11
Epoch 135/200: 100%|█████████████████████████████████████████████████████████████████████████████████████████████████████████████████████████████████████████████████████████████████████████████████████████| 13/13 [00:05<00:00,  2.38it/s]
Epoch 135 | train_loss: 0.625973 | lr: 1.48e-11
Epoch 136/200: 100%|█████████████████████████████████████████████████████████████████████████████████████████████████████████████████████████████████████████████████████████████████████████████████████████| 13/13 [00:05<00:00,  2.41it/s]
Epoch 136 | train_loss: 0.622169 | lr: 1.33e-11
Epoch 137/200: 100%|█████████████████████████████████████████████████████████████████████████████████████████████████████████████████████████████████████████████████████████████████████████████████████████| 13/13 [00:05<00:00,  2.48it/s]
Epoch 137 | train_loss: 0.623655 | lr: 1.20e-11
Epoch 138/200: 100%|█████████████████████████████████████████████████████████████████████████████████████████████████████████████████████████████████████████████████████████████████████████████████████████| 13/13 [00:05<00:00,  2.27it/s]
Epoch 138 | train_loss: 0.624066 | lr: 1.08e-11
Epoch 139/200: 100%|█████████████████████████████████████████████████████████████████████████████████████████████████████████████████████████████████████████████████████████████████████████████████████████| 13/13 [00:05<00:00,  2.44it/s]
Epoch 139 | train_loss: 0.622802 | lr: 9.69e-12
Epoch 140/200: 100%|█████████████████████████████████████████████████████████████████████████████████████████████████████████████████████████████████████████████████████████████████████████████████████████| 13/13 [00:05<00:00,  2.51it/s]
Epoch 140 | train_loss: 0.623630 | lr: 8.72e-12
Epoch 141/200: 100%|█████████████████████████████████████████████████████████████████████████████████████████████████████████████████████████████████████████████████████████████████████████████████████████| 13/13 [00:05<00:00,  2.52it/s]
Epoch 141 | train_loss: 0.625848 | lr: 7.85e-12
Epoch 142/200: 100%|█████████████████████████████████████████████████████████████████████████████████████████████████████████████████████████████████████████████████████████████████████████████████████████| 13/13 [00:06<00:00,  2.11it/s]
Epoch 142 | train_loss: 0.623494 | lr: 7.07e-12
Epoch 143/200: 100%|█████████████████████████████████████████████████████████████████████████████████████████████████████████████████████████████████████████████████████████████████████████████████████████| 13/13 [00:05<00:00,  2.23it/s]
Epoch 143 | train_loss: 0.626361 | lr: 6.36e-12
Epoch 144/200: 100%|█████████████████████████████████████████████████████████████████████████████████████████████████████████████████████████████████████████████████████████████████████████████████████████| 13/13 [00:05<00:00,  2.31it/s]
Epoch 144 | train_loss: 0.627452 | lr: 5.72e-12
Epoch 145/200: 100%|█████████████████████████████████████████████████████████████████████████████████████████████████████████████████████████████████████████████████████████████████████████████████████████| 13/13 [00:05<00:00,  2.34it/s]
Epoch 145 | train_loss: 0.624365 | lr: 5.15e-12
Epoch 146/200: 100%|█████████████████████████████████████████████████████████████████████████████████████████████████████████████████████████████████████████████████████████████████████████████████████████| 13/13 [00:05<00:00,  2.25it/s]
Epoch 146 | train_loss: 0.625826 | lr: 4.64e-12
Epoch 147/200: 100%|█████████████████████████████████████████████████████████████████████████████████████████████████████████████████████████████████████████████████████████████████████████████████████████| 13/13 [00:05<00:00,  2.48it/s]
Epoch 147 | train_loss: 0.623722 | lr: 4.17e-12
Epoch 148/200: 100%|█████████████████████████████████████████████████████████████████████████████████████████████████████████████████████████████████████████████████████████████████████████████████████████| 13/13 [00:05<00:00,  2.48it/s]
Epoch 148 | train_loss: 0.622793 | lr: 3.76e-12
Epoch 149/200: 100%|█████████████████████████████████████████████████████████████████████████████████████████████████████████████████████████████████████████████████████████████████████████████████████████| 13/13 [00:05<00:00,  2.36it/s]
Epoch 149 | train_loss: 0.621592 | lr: 3.38e-12
Epoch 150/200: 100%|█████████████████████████████████████████████████████████████████████████████████████████████████████████████████████████████████████████████████████████████████████████████████████████| 13/13 [00:05<00:00,  2.33it/s]
Epoch 150 | train_loss: 0.625615 | lr: 3.04e-12
Epoch 151/200: 100%|█████████████████████████████████████████████████████████████████████████████████████████████████████████████████████████████████████████████████████████████████████████████████████████| 13/13 [00:05<00:00,  2.44it/s]
Epoch 151 | train_loss: 0.623055 | lr: 2.74e-12
Epoch 152/200: 100%|█████████████████████████████████████████████████████████████████████████████████████████████████████████████████████████████████████████████████████████████████████████████████████████| 13/13 [00:05<00:00,  2.37it/s]
Epoch 152 | train_loss: 0.622085 | lr: 2.46e-12
Epoch 153/200: 100%|█████████████████████████████████████████████████████████████████████████████████████████████████████████████████████████████████████████████████████████████████████████████████████████| 13/13 [00:05<00:00,  2.46it/s]
Epoch 153 | train_loss: 0.623468 | lr: 2.22e-12
Epoch 154/200: 100%|█████████████████████████████████████████████████████████████████████████████████████████████████████████████████████████████████████████████████████████████████████████████████████████| 13/13 [00:05<00:00,  2.53it/s]
Epoch 154 | train_loss: 0.622988 | lr: 2.00e-12
Epoch 155/200: 100%|█████████████████████████████████████████████████████████████████████████████████████████████████████████████████████████████████████████████████████████████████████████████████████████| 13/13 [00:05<00:00,  2.48it/s]
Epoch 155 | train_loss: 0.621959 | lr: 1.80e-12
Epoch 156/200: 100%|█████████████████████████████████████████████████████████████████████████████████████████████████████████████████████████████████████████████████████████████████████████████████████████| 13/13 [00:05<00:00,  2.35it/s]
Epoch 156 | train_loss: 0.626383 | lr: 1.62e-12
Epoch 157/200: 100%|█████████████████████████████████████████████████████████████████████████████████████████████████████████████████████████████████████████████████████████████████████████████████████████| 13/13 [00:05<00:00,  2.45it/s]
Epoch 157 | train_loss: 0.620982 | lr: 1.45e-12
Epoch 158/200: 100%|█████████████████████████████████████████████████████████████████████████████████████████████████████████████████████████████████████████████████████████████████████████████████████████| 13/13 [00:05<00:00,  2.31it/s]
Epoch 158 | train_loss: 0.622674 | lr: 1.31e-12
Epoch 159/200: 100%|█████████████████████████████████████████████████████████████████████████████████████████████████████████████████████████████████████████████████████████████████████████████████████████| 13/13 [00:05<00:00,  2.46it/s]
Epoch 159 | train_loss: 0.625459 | lr: 1.18e-12
Epoch 160/200: 100%|█████████████████████████████████████████████████████████████████████████████████████████████████████████████████████████████████████████████████████████████████████████████████████████| 13/13 [00:05<00:00,  2.28it/s]
Epoch 160 | train_loss: 0.623360 | lr: 1.06e-12
Epoch 161/200: 100%|█████████████████████████████████████████████████████████████████████████████████████████████████████████████████████████████████████████████████████████████████████████████████████████| 13/13 [00:05<00:00,  2.47it/s]
Epoch 161 | train_loss: 0.622379 | lr: 9.55e-13
Epoch 162/200: 100%|█████████████████████████████████████████████████████████████████████████████████████████████████████████████████████████████████████████████████████████████████████████████████████████| 13/13 [00:05<00:00,  2.31it/s]
Epoch 162 | train_loss: 0.623854 | lr: 8.59e-13
Epoch 163/200: 100%|█████████████████████████████████████████████████████████████████████████████████████████████████████████████████████████████████████████████████████████████████████████████████████████| 13/13 [00:05<00:00,  2.43it/s]
Epoch 163 | train_loss: 0.628378 | lr: 7.73e-13
Epoch 164/200: 100%|█████████████████████████████████████████████████████████████████████████████████████████████████████████████████████████████████████████████████████████████████████████████████████████| 13/13 [00:05<00:00,  2.48it/s]
Epoch 164 | train_loss: 0.626977 | lr: 6.96e-13
Epoch 165/200: 100%|█████████████████████████████████████████████████████████████████████████████████████████████████████████████████████████████████████████████████████████████████████████████████████████| 13/13 [00:05<00:00,  2.36it/s]
Epoch 165 | train_loss: 0.625444 | lr: 6.26e-13
Epoch 166/200: 100%|█████████████████████████████████████████████████████████████████████████████████████████████████████████████████████████████████████████████████████████████████████████████████████████| 13/13 [00:05<00:00,  2.26it/s]
Epoch 166 | train_loss: 0.625366 | lr: 5.64e-13
Epoch 167/200: 100%|█████████████████████████████████████████████████████████████████████████████████████████████████████████████████████████████████████████████████████████████████████████████████████████| 13/13 [00:05<00:00,  2.34it/s]
Epoch 167 | train_loss: 0.621261 | lr: 5.07e-13
Epoch 168/200: 100%|█████████████████████████████████████████████████████████████████████████████████████████████████████████████████████████████████████████████████████████████████████████████████████████| 13/13 [00:05<00:00,  2.45it/s]
Epoch 168 | train_loss: 0.627456 | lr: 4.57e-13
Epoch 169/200: 100%|█████████████████████████████████████████████████████████████████████████████████████████████████████████████████████████████████████████████████████████████████████████████████████████| 13/13 [00:06<00:00,  2.06it/s]
Epoch 169 | train_loss: 0.625780 | lr: 4.11e-13
Epoch 170/200: 100%|█████████████████████████████████████████████████████████████████████████████████████████████████████████████████████████████████████████████████████████████████████████████████████████| 13/13 [00:05<00:00,  2.29it/s]
Epoch 170 | train_loss: 0.624772 | lr: 3.70e-13
Epoch 171/200: 100%|█████████████████████████████████████████████████████████████████████████████████████████████████████████████████████████████████████████████████████████████████████████████████████████| 13/13 [00:05<00:00,  2.31it/s]
Epoch 171 | train_loss: 0.622246 | lr: 3.33e-13
Epoch 172/200: 100%|█████████████████████████████████████████████████████████████████████████████████████████████████████████████████████████████████████████████████████████████████████████████████████████| 13/13 [00:05<00:00,  2.18it/s]
Epoch 172 | train_loss: 0.621487 | lr: 3.00e-13
Epoch 173/200: 100%|█████████████████████████████████████████████████████████████████████████████████████████████████████████████████████████████████████████████████████████████████████████████████████████| 13/13 [00:06<00:00,  2.12it/s]
Epoch 173 | train_loss: 0.624229 | lr: 2.70e-13
Epoch 174/200: 100%|█████████████████████████████████████████████████████████████████████████████████████████████████████████████████████████████████████████████████████████████████████████████████████████| 13/13 [00:05<00:00,  2.24it/s]
Epoch 174 | train_loss: 0.622895 | lr: 2.43e-13
Epoch 175/200: 100%|█████████████████████████████████████████████████████████████████████████████████████████████████████████████████████████████████████████████████████████████████████████████████████████| 13/13 [00:06<00:00,  2.16it/s]
Epoch 175 | train_loss: 0.622420 | lr: 2.18e-13
Epoch 176/200: 100%|█████████████████████████████████████████████████████████████████████████████████████████████████████████████████████████████████████████████████████████████████████████████████████████| 13/13 [00:05<00:00,  2.37it/s]
Epoch 176 | train_loss: 0.624979 | lr: 1.97e-13
Epoch 177/200: 100%|█████████████████████████████████████████████████████████████████████████████████████████████████████████████████████████████████████████████████████████████████████████████████████████| 13/13 [00:05<00:00,  2.27it/s]
Epoch 177 | train_loss: 0.623737 | lr: 1.77e-13
Epoch 178/200: 100%|█████████████████████████████████████████████████████████████████████████████████████████████████████████████████████████████████████████████████████████████████████████████████████████| 13/13 [00:05<00:00,  2.37it/s]
Epoch 178 | train_loss: 0.622522 | lr: 1.59e-13
Epoch 179/200: 100%|█████████████████████████████████████████████████████████████████████████████████████████████████████████████████████████████████████████████████████████████████████████████████████████| 13/13 [00:05<00:00,  2.45it/s]
Epoch 179 | train_loss: 0.625701 | lr: 1.43e-13
Epoch 180/200: 100%|█████████████████████████████████████████████████████████████████████████████████████████████████████████████████████████████████████████████████████████████████████████████████████████| 13/13 [00:05<00:00,  2.42it/s]
Epoch 180 | train_loss: 0.624308 | lr: 1.29e-13
Epoch 181/200: 100%|█████████████████████████████████████████████████████████████████████████████████████████████████████████████████████████████████████████████████████████████████████████████████████████| 13/13 [00:06<00:00,  2.13it/s]
Epoch 181 | train_loss: 0.620942 | lr: 1.16e-13
Epoch 182/200: 100%|█████████████████████████████████████████████████████████████████████████████████████████████████████████████████████████████████████████████████████████████████████████████████████████| 13/13 [00:05<00:00,  2.33it/s]
Epoch 182 | train_loss: 0.621885 | lr: 1.04e-13
Epoch 183/200: 100%|█████████████████████████████████████████████████████████████████████████████████████████████████████████████████████████████████████████████████████████████████████████████████████████| 13/13 [00:05<00:00,  2.38it/s]
Epoch 183 | train_loss: 0.625776 | lr: 9.40e-14
Epoch 184/200: 100%|█████████████████████████████████████████████████████████████████████████████████████████████████████████████████████████████████████████████████████████████████████████████████████████| 13/13 [00:05<00:00,  2.36it/s]
Epoch 184 | train_loss: 0.625975 | lr: 8.46e-14
Epoch 185/200: 100%|█████████████████████████████████████████████████████████████████████████████████████████████████████████████████████████████████████████████████████████████████████████████████████████| 13/13 [00:05<00:00,  2.42it/s]
Epoch 185 | train_loss: 0.627566 | lr: 7.61e-14
Epoch 186/200: 100%|█████████████████████████████████████████████████████████████████████████████████████████████████████████████████████████████████████████████████████████████████████████████████████████| 13/13 [00:05<00:00,  2.35it/s]
Epoch 186 | train_loss: 0.622904 | lr: 6.85e-14
Epoch 187/200: 100%|█████████████████████████████████████████████████████████████████████████████████████████████████████████████████████████████████████████████████████████████████████████████████████████| 13/13 [00:05<00:00,  2.29it/s]
Epoch 187 | train_loss: 0.624495 | lr: 6.17e-14
Epoch 188/200: 100%|█████████████████████████████████████████████████████████████████████████████████████████████████████████████████████████████████████████████████████████████████████████████████████████| 13/13 [00:05<00:00,  2.23it/s]
Epoch 188 | train_loss: 0.621780 | lr: 5.55e-14
Epoch 189/200: 100%|█████████████████████████████████████████████████████████████████████████████████████████████████████████████████████████████████████████████████████████████████████████████████████████| 13/13 [00:05<00:00,  2.24it/s]
Epoch 189 | train_loss: 0.626458 | lr: 5.00e-14
Epoch 190/200: 100%|█████████████████████████████████████████████████████████████████████████████████████████████████████████████████████████████████████████████████████████████████████████████████████████| 13/13 [00:05<00:00,  2.39it/s]
Epoch 190 | train_loss: 0.628263 | lr: 4.50e-14
Epoch 191/200: 100%|█████████████████████████████████████████████████████████████████████████████████████████████████████████████████████████████████████████████████████████████████████████████████████████| 13/13 [00:05<00:00,  2.33it/s]
Epoch 191 | train_loss: 0.626113 | lr: 4.05e-14
Epoch 192/200: 100%|█████████████████████████████████████████████████████████████████████████████████████████████████████████████████████████████████████████████████████████████████████████████████████████| 13/13 [00:05<00:00,  2.27it/s]
Epoch 192 | train_loss: 0.627303 | lr: 3.64e-14
Epoch 193/200: 100%|█████████████████████████████████████████████████████████████████████████████████████████████████████████████████████████████████████████████████████████████████████████████████████████| 13/13 [00:05<00:00,  2.21it/s]
Epoch 193 | train_loss: 0.622453 | lr: 3.28e-14
Epoch 194/200: 100%|█████████████████████████████████████████████████████████████████████████████████████████████████████████████████████████████████████████████████████████████████████████████████████████| 13/13 [00:05<00:00,  2.38it/s]
Epoch 194 | train_loss: 0.626143 | lr: 2.95e-14
Epoch 195/200: 100%|█████████████████████████████████████████████████████████████████████████████████████████████████████████████████████████████████████████████████████████████████████████████████████████| 13/13 [00:05<00:00,  2.36it/s]
Epoch 195 | train_loss: 0.622391 | lr: 2.66e-14
Epoch 196/200: 100%|█████████████████████████████████████████████████████████████████████████████████████████████████████████████████████████████████████████████████████████████████████████████████████████| 13/13 [00:05<00:00,  2.42it/s]
Epoch 196 | train_loss: 0.625601 | lr: 2.39e-14
Epoch 197/200: 100%|█████████████████████████████████████████████████████████████████████████████████████████████████████████████████████████████████████████████████████████████████████████████████████████| 13/13 [00:05<00:00,  2.38it/s]
Epoch 197 | train_loss: 0.621806 | lr: 2.15e-14
Epoch 198/200: 100%|█████████████████████████████████████████████████████████████████████████████████████████████████████████████████████████████████████████████████████████████████████████████████████████| 13/13 [00:05<00:00,  2.40it/s]
Epoch 198 | train_loss: 0.621723 | lr: 1.94e-14
Epoch 199/200: 100%|█████████████████████████████████████████████████████████████████████████████████████████████████████████████████████████████████████████████████████████████████████████████████████████| 13/13 [00:05<00:00,  2.30it/s]
Epoch 199 | train_loss: 0.626986 | lr: 1.74e-14
Epoch 200/200: 100%|█████████████████████████████████████████████████████████████████████████████████████████████████████████████████████████████████████████████████████████████████████████████████████████| 13/13 [00:05<00:00,  2.36it/s]
Epoch 200 | train_loss: 0.628008 | lr: 1.57e-14
Training finished.